May 08, 2024 2:46:31 PM java.util.logging.LogManager$RootLogger log
INFO: Start of solver :getOutputSignals() : Wed May 08 14:46:31 BST 2024


May 08, 2024 2:46:31 PM java.util.logging.LogManager$RootLogger log
INFO: 
timeout(reserved_resource_group_output_signals([reserved([ccu4,GLOBAL_CCU40sv0,global],'global_ccu4$01760137752$0'),
reserved([scu,_,gcu,ccu4_global_enable,GLOBAL_CCU40sv0],'global_ccu4$89752826$0'),
reserved([scu,0,clkctrl,0,pll],'clock_xmc4$01551378862$0'),
reserved([scu,0,clkctrl,0,sys],'clock_xmc4$01551375569$0'),
reserved([scu,0,clkctrl,0,cpu],'clock_xmc4$01551391222$0'),
reserved([scu,0,clkctrl,0,perbridge],'clock_xmc4$494804424$0'),
reserved([scu,0,clkctrl,0,ccu],'clock_xmc4$01551391625$0'),
reserved([scu,0,clkctrl,0,wdt],'clock_xmc4$01551372375$0'),
reserved([scu,0,clkctrl,0,usb],'clock_xmc4$01551373850$0'),
reserved([scu,0,pwrctrl,0,hibernate],'clock_xmc4$0778278092$0'),
reserved([scu,0,rtcclksel],'clock_xmc4$1142722683$0'),
reserved([scu,0,trap,0,sysoscwd],'clock_xmc4$1091210735$0'),
reserved([scu,0,trap,0,sysvcolock],'clock_xmc4$1586947406$0'),
reserved([scu,0,trap,0,usbvcolock],'clock_xmc4$0261647995$0'),
reserved([scu,0,trap,0,ulpwdg],'clock_xmc4$01047137491$0'),
reserved([ccu4,_,cc4,_],'timer$844337652$0'),
reserved([cpu,0,exception,nmi],'cpu_ctrl_xmc4$01637679009$0'),
reserved([cpu,0,exception,hardfault],'cpu_ctrl_xmc4$0571328980$0'),
reserved([cpu,0,exception,memmanage],'cpu_ctrl_xmc4$1768468879$0'),
reserved([cpu,0,exception,busfault],'cpu_ctrl_xmc4$1763234541$0'),
reserved([cpu,0,exception,usagefault],'cpu_ctrl_xmc4$1814460844$0'),
reserved([cpu,0,debug],'cpu_ctrl_xmc4$1964564605$0'),
reserved([debug_port,_,pad,_],'cpu_ctrl_xmc4$01540614004$0'),
reserved([debug_port,_,pad,_],'cpu_ctrl_xmc4$01540614322$0'),
reserved([cpu,0,nvic,interrupt,_],'interrupt$01436523993$0'),
reserved([cpu,0,nvic,interrupt,_],'pin_interrupt$371705443$0'),
reserved([p,_,pad,_],'pin_interrupt$01353729833$0'),
reserved([eru,_,ers_etl,_],'pin_interrupt$504037229$0'),
reserved([eru,_,ogu,_],'pin_interrupt$1919814214$0'),
reserved([scu,_,gcu,interrupt,erunmi,_],'pin_interrupt$01936049730$0'),
reserved([devicepackage,0,_],'pin_interrupt$1126006561$0'),
uri([devicepackage,0,46],'pin_interrupt$1126006561$0'),
reserved([p,DIGITAL_IO0sv0,pad,_],'digital_io$01383135420$0'),
reserved([devicepackage,0,_],'digital_io$36800462$0'),
uri([devicepackage,0,1],'digital_io$36800462$0'),
reserved([vadc,_,global_limits],'global_adc$01890798523$0'),
reserved([vadc,_,global],'global_adc$1790945385$0'),
reserved([vadc,_,group,0,config],'global_adc$1796505175$0'),
reserved([vadc,_,group,1,config],'global_adc$1796505176$0'),
reserved([vadc,_,backgnd],'adc_measurement$0919802633$0'),
uri([vadc,0,backgnd],'adc_measurement$0919802633$0'),
reserved([vadc,_,class,_],'adc_measurement$403379810$0'),
uri([vadc,0,class,0],'adc_measurement$403379810$0'),
reserved([vadc,0,group,_,ch,_],'adc_measurement$0733134899$0'),
reserved([vadc,0,group,_,ch,_],'adc_measurement$0733134898$0'),
uri([vadc,0,group,0,ch,0],'adc_measurement$0733134898$0'),
reserved([vadc,0,group,_,_,_],'adc_measurement$425520431$0'),
reserved([vadc,0,group,_,_,_],'adc_measurement$425520432$0'),
uri([vadc,0,group,0,result,4],'adc_measurement$425520432$0'),
reserved([p,ANALOG_IO0sv0,pad,_],'analog_io$0459569530$0'),
reserved([devicepackage,0,_],'analog_io$01694626416$0'),
uri([devicepackage,0,15],'analog_io$01694626416$0'),
reserved([p,ANALOG_IO1sv0,pad,_],'analog_io$0970103707$1'),
reserved([devicepackage,0,_],'analog_io$562284591$1'),
uri([devicepackage,0,20],'analog_io$562284591$1'),
reserved([ccu4,GLOBAL_CCU41sv0,global],'global_ccu4$01748821625$1'),
reserved([scu,_,gcu,ccu4_global_enable,GLOBAL_CCU41sv0],'global_ccu4$01610987653$1'),
reserved([ccu4,_,cc4,_],'pwm$190007462$0'),
reserved([p,_,pad,_],'pwm$296065386$0'),
reserved([devicepackage,0,_],'pwm$01578993036$0'),
uri([devicepackage,0,31],'pwm$01578993036$0'),
reserved([usic,_,channel,_],'i2c_master$0517290200$0'),
uri([usic,0,channel,1],'i2c_master$0517290200$0'),
reserved([p,_,pad,_],'i2c_master$0125934497$0'),
reserved([p,_,pad,_],'i2c_master$0125934517$0'),
reserved([devicepackage,0,_],'i2c_master$01076929067$0'),
uri([devicepackage,0,29],'i2c_master$01076929067$0'),
reserved([devicepackage,0,_],'i2c_master$01076929087$0'),
uri([devicepackage,0,5],'i2c_master$01076929087$0'),
reserved([usic,_,channel,_],'uart$02118624699$0'),
uri([usic,0,channel,0],'uart$02118624699$0'),
reserved([p,_,pad,_],'uart$01053640812$0'),
reserved([p,_,pad,_],'uart$01053640750$0'),
reserved([devicepackage,0,_],'uart$0164365666$0'),
uri([devicepackage,0,48],'uart$0164365666$0'),
reserved([devicepackage,0,_],'uart$0164365604$0'),
uri([devicepackage,0,47],'uart$0164365604$0'),
signal('global_ccu4$01760137752$0',global_signal,'global_ccu4$01760137752$0$global_signal'),
signal('global_ccu4$01760137752$0',clk,'global_ccu4$01760137752$0$clk'),
signal('global_ccu4$89752826$0',gsc_enable,'global_ccu4$89752826$0$gsc_enable'),
signal('clock_xmc4$494804424$0',fpb,'clock_xmc4$494804424$0$fpb'),
signal('clock_xmc4$01551391625$0',fccu,'clock_xmc4$01551391625$0$fccu'),
signal('timer$844337652$0',pmus_omds,'timer$844337652$0$pmus_omds'),
signal('timer$844337652$0',global_signal,'timer$844337652$0$global_signal'),
signal('cpu_ctrl_xmc4$01637679009$0',nmi_in,'cpu_ctrl_xmc4$01637679009$0$nmi_in'),
signal('cpu_ctrl_xmc4$1964564605$0',db_tck,'cpu_ctrl_xmc4$1964564605$0$db_tck'),
signal('cpu_ctrl_xmc4$1964564605$0',db_tms,'cpu_ctrl_xmc4$1964564605$0$db_tms'),
signal('interrupt$01436523993$0',signal_in,'interrupt$01436523993$0$signal_in'),
signal('pin_interrupt$504037229$0',PIN_INTERRUPT0sv0,'pin_interrupt$504037229$0$PIN_INTERRUPT0sv0'),
signal('pin_interrupt$01353729833$0',pad,'pin_interrupt$01353729833$0$pad'),
signal('pin_interrupt$504037229$0',tr,'pin_interrupt$504037229$0$tr'),
signal('pin_interrupt$1919814214$0',trin,'pin_interrupt$1919814214$0$trin'),
signal('pin_interrupt$1919814214$0',iout,'pin_interrupt$1919814214$0$iout'),
signal('pin_interrupt$371705443$0',signal_in,'pin_interrupt$371705443$0$signal_in'),
signal('pin_interrupt$01936049730$0',in,'pin_interrupt$01936049730$0$in'),
signal('pin_interrupt$01936049730$0',out,'pin_interrupt$01936049730$0$out'),
signal('pin_interrupt$1126006561$0',pin,'pin_interrupt$1126006561$0$pin'),
signal('digital_io$01383135420$0',swreg_out,'digital_io$01383135420$0$swreg_out'),
signal('digital_io$01383135420$0',pad,'digital_io$01383135420$0$pad'),
signal('digital_io$36800462$0',pin,'digital_io$36800462$0$pin'),
signal('global_adc$1790945385$0',global_signal,'global_adc$1790945385$0$global_signal'),
signal('global_adc$1796505175$0',garbcnt,'global_adc$1796505175$0$garbcnt'),
signal('global_adc$1796505175$0',gqueuereq,'global_adc$1796505175$0$gqueuereq'),
signal('global_adc$1796505175$0',gscanreq,'global_adc$1796505175$0$gscanreq'),
signal('global_adc$1796505175$0',gsyncreq,'global_adc$1796505175$0$gsyncreq'),
signal('global_adc$1796505176$0',garbcnt,'global_adc$1796505176$0$garbcnt'),
signal('global_adc$1796505176$0',gqueuereq,'global_adc$1796505176$0$gqueuereq'),
signal('global_adc$1796505176$0',gscanreq,'global_adc$1796505176$0$gscanreq'),
signal('global_adc$1796505176$0',gsyncreq,'global_adc$1796505176$0$gsyncreq'),
signal('adc_measurement$0733134899$0',gch,'adc_measurement$0733134899$0$gch'),
signal('adc_measurement$0733134898$0',gch,'adc_measurement$0733134898$0$gch'),
signal('adc_measurement$425520431$0',res_sel,'adc_measurement$425520431$0$res_sel'),
signal('adc_measurement$425520432$0',res_sel,'adc_measurement$425520432$0$res_sel'),
signal('adc_measurement$0733134899$0',select,'adc_measurement$0733134899$0$select'),
signal('adc_measurement$0733134898$0',select,'adc_measurement$0733134898$0$select'),
signal('adc_measurement$0733134899$0',res_sel,'adc_measurement$0733134899$0$res_sel'),
signal('adc_measurement$0733134898$0',res_sel,'adc_measurement$0733134898$0$res_sel'),
signal('adc_measurement$0919802633$0',sev0,'adc_measurement$0919802633$0$sev0'),
signal('adc_measurement$0919802633$0',bgreqtrsel,'adc_measurement$0919802633$0$bgreqtrsel'),
signal('adc_measurement$0919802633$0',bgreqgtsel,'adc_measurement$0919802633$0$bgreqgtsel'),
signal('adc_measurement$0919802633$0',global_signal,'adc_measurement$0919802633$0$global_signal'),
signal('analog_io$0459569530$0',pad,'analog_io$0459569530$0$pad'),
signal('analog_io$01694626416$0',pin,'analog_io$01694626416$0$pin'),
signal('analog_io$0970103707$1',pad,'analog_io$0970103707$1$pad'),
signal('analog_io$562284591$1',pin,'analog_io$562284591$1$pin'),
signal('global_ccu4$01748821625$1',global_signal,'global_ccu4$01748821625$1$global_signal'),
signal('global_ccu4$01748821625$1',clk,'global_ccu4$01748821625$1$clk'),
signal('global_ccu4$01610987653$1',gsc_enable,'global_ccu4$01610987653$1$gsc_enable'),
signal('pwm$190007462$0',global_signal,'pwm$190007462$0$global_signal'),
signal('pwm$190007462$0',cmds_cmus,'pwm$190007462$0$cmds_cmus'),
signal('pwm$190007462$0',pmus_omds,'pwm$190007462$0$pmus_omds'),
signal('pwm$190007462$0',st,'pwm$190007462$0$st'),
signal('pwm$190007462$0',out,'pwm$190007462$0$out'),
signal('pwm$296065386$0',pad,'pwm$296065386$0$pad'),
signal('pwm$01578993036$0',pin,'pwm$01578993036$0$pin'),
signal('i2c_master$0125934497$0',pad,'i2c_master$0125934497$0$pad'),
signal('i2c_master$0125934517$0',pad,'i2c_master$0125934517$0$pad'),
signal('i2c_master$0517290200$0',dout0,'i2c_master$0517290200$0$dout0'),
signal('i2c_master$0517290200$0',dx0ins,'i2c_master$0517290200$0$dx0ins'),
signal('i2c_master$0517290200$0',dx1ins,'i2c_master$0517290200$0$dx1ins'),
signal('i2c_master$0517290200$0',sclkout,'i2c_master$0517290200$0$sclkout'),
signal('i2c_master$0517290200$0',standard_transmit_buffer_int,'i2c_master$0517290200$0$standard_transmit_buffer_int'),
signal('i2c_master$0517290200$0',standard_receive_buffer_int,'i2c_master$0517290200$0$standard_receive_buffer_int'),
signal('i2c_master$0517290200$0',alternate_receive_buffer_int,'i2c_master$0517290200$0$alternate_receive_buffer_int'),
signal('i2c_master$0517290200$0',protocol_specific_int,'i2c_master$0517290200$0$protocol_specific_int'),
signal('i2c_master$01076929067$0',pin,'i2c_master$01076929067$0$pin'),
signal('i2c_master$01076929087$0',pin,'i2c_master$01076929087$0$pin'),
signal('uart$02118624699$0',dx0ins,'uart$02118624699$0$dx0ins'),
signal('uart$02118624699$0',dx3ins,'uart$02118624699$0$dx3ins'),
signal('uart$02118624699$0',dout0,'uart$02118624699$0$dout0'),
signal('uart$01053640812$0',pad,'uart$01053640812$0$pad'),
signal('uart$01053640750$0',pad,'uart$01053640750$0$pad'),
signal('uart$02118624699$0',protocol_specific_int,'uart$02118624699$0$protocol_specific_int'),
signal('uart$02118624699$0',standard_transmit_buffer_int,'uart$02118624699$0$standard_transmit_buffer_int'),
signal('uart$02118624699$0',standard_receive_buffer_int,'uart$02118624699$0$standard_receive_buffer_int'),
signal('uart$02118624699$0',alternate_receive_buffer_int,'uart$02118624699$0$alternate_receive_buffer_int'),
signal('uart$0164365666$0',pin,'uart$0164365666$0$pin'),
signal('uart$0164365604$0',pin,'uart$0164365604$0$pin'),
connected('clock_xmc4$01551391625$0$fccu','global_ccu4$01760137752$0$clk',1),
connected('timer$844337652$0$pmus_omds','interrupt$01436523993$0$signal_in',1),
connected('global_ccu4$01760137752$0$global_signal','timer$844337652$0$global_signal',1),
connected('pin_interrupt$1126006561$0$pin','pin_interrupt$01353729833$0$pad',1),
connected('pin_interrupt$504037229$0$tr','pin_interrupt$1919814214$0$trin',1),
connected('pin_interrupt$01936049730$0$out','pin_interrupt$371705443$0$signal_in',1),
connected('pin_interrupt$01353729833$0$pad','pin_interrupt$1126006561$0$pin',1),
connected('pin_interrupt$01353729833$0$pad','pin_interrupt$504037229$0$PIN_INTERRUPT0sv0',1),
connected('pin_interrupt$1919814214$0$iout','pin_interrupt$01936049730$0$in',1),
connected('digital_io$36800462$0$pin','digital_io$01383135420$0$pad',1),
connected('digital_io$01383135420$0$pad','digital_io$36800462$0$pin',1),
connected('global_adc$1790945385$0$global_signal','adc_measurement$0919802633$0$global_signal',1),
connected('adc_measurement$0919802633$0$bgreqgtsel','adc_measurement$0919802633$0$bgreqtrsel',1),
connected('adc_measurement$0733134899$0$res_sel','adc_measurement$425520431$0$res_sel',1),
connected('adc_measurement$0733134898$0$res_sel','adc_measurement$425520432$0$res_sel',1),
connected('analog_io$01694626416$0$pin','analog_io$0459569530$0$pad',1),
connected('analog_io$0459569530$0$pad','analog_io$01694626416$0$pin',1),
connected('analog_io$0459569530$0$pad','adc_measurement$0733134899$0$gch',1),
connected('analog_io$562284591$1$pin','analog_io$0970103707$1$pad',1),
connected('analog_io$0970103707$1$pad','analog_io$562284591$1$pin',1),
connected('analog_io$0970103707$1$pad','adc_measurement$0733134898$0$gch',1),
connected('clock_xmc4$01551391625$0$fccu','global_ccu4$01748821625$1$clk',1),
connected('pwm$01578993036$0$pin','pwm$296065386$0$pad',1),
connected('pwm$190007462$0$cmds_cmus','adc_measurement$0919802633$0$bgreqgtsel',1),
connected('pwm$190007462$0$out','pwm$296065386$0$pad',1),
connected('pwm$296065386$0$pad','pwm$01578993036$0$pin',1),
connected('global_ccu4$01748821625$1$global_signal','pwm$190007462$0$global_signal',1),
connected('i2c_master$01076929087$0$pin','i2c_master$0125934517$0$pad',1),
connected('i2c_master$01076929067$0$pin','i2c_master$0125934497$0$pad',1),
connected('i2c_master$0517290200$0$sclkout','i2c_master$0125934517$0$pad',1),
connected('i2c_master$0517290200$0$dout0','i2c_master$0125934497$0$pad',1),
connected('i2c_master$0125934517$0$pad','i2c_master$01076929087$0$pin',1),
connected('i2c_master$0125934517$0$pad','i2c_master$0517290200$0$dx1ins',1),
connected('i2c_master$0125934497$0$pad','i2c_master$01076929067$0$pin',1),
connected('i2c_master$0125934497$0$pad','i2c_master$0517290200$0$dx0ins',1),
connected('uart$0164365666$0$pin','uart$01053640812$0$pad',1),
connected('uart$0164365604$0$pin','uart$01053640750$0$pad',1),
connected('uart$02118624699$0$dout0','uart$01053640750$0$pad',1),
connected('uart$01053640812$0$pad','uart$0164365666$0$pin',1),
connected('uart$01053640812$0$pad','uart$02118624699$0$dx0ins',1),
connected('uart$01053640750$0$pad','uart$0164365604$0$pin',1),
rg_constraint_property_value('i2c_master$0125934517$0', speed_class of rg_property, ['A1','A1+','A2']),
uri_element_range(PIN_INTERRUPT0sv0,[a, b]),
uri_element_range(ANALOG_IO1sv0,[14, 15]),
register_value('i2c_master$0517290200$0',tbctr_size,4),
register_value('i2c_master$0517290200$0',rbctr_size,4),
rg_constraint_property_value('uart$01053640750$0', speed_class of rg_property, ['A1','A1+','A2']),
rg_constraint_property_value('i2c_master$0125934497$0', speed_class of rg_property, ['A1','A1+','A2']),
register_value('uart$02118624699$0',ccr_hpcen,0),
register_value('uart$02118624699$0',tbctr_size,4),
register_value('uart$02118624699$0',rbctr_size,4),
rg_constraint_property_value('pwm$296065386$0', speed_class of rg_property, ['A1','A1+','A2']),
uri_element_range(DIGITAL_IO0sv0,[0, 1, 2, 3, 4, 5, 6, 7, 8, 9]),
register_value('digital_io$01383135420$0',iocr_oe,1),
rg_constraint_property_value('digital_io$01383135420$0', speed_class of rg_property, ['A1','A1+','A2']),
uri_element_range(ANALOG_IO0sv0,[14, 15])], 'uart','0', Output_signals),15,writeln(timeout),all_solution, Timer, Due, Remainder).



May 08, 2024 2:46:31 PM java.util.logging.LogManager$RootLogger log
INFO: 
End of solver : getOutputSignals() :  Difference in ms 110


